Save database : Modification by user
Save repository element : DATA_TARGET : Modification by user
Save database : Modification by user
Save repository element : DATA_TARGET : Modification by user
Save database : Modification by user
Save repository element : DATA_TARGET_DEFAULT : Modification by user
Save database : Modification by user
Save repository element : DATA_TARGET : Modification by user
Save database : Modification by user
Save repository element : DATA_TARGET : Modification by user
Save database : Modification by user
Save repository element : DATA_TARGET : Modification by user
Save database : Modification by user
Save repository element : DATA_TARGET : Modification by user
Save database : Modification by user
Save repository element : DATA_TARGET : Modification by user
Save database : Modification by user
Save repository element : DATA_TARGET : Modification by user
Save database : Modification by user
Save repository element : DATA_TARGET : Modification by user
Save database : Modification by user
Save repository element : DATA_TARGET : Modification by user
Save repository element : JOURNA_CONNECTION : Creation of initial version
Save database : Modification by user
Save repository element : JOURNA_CONNECTION : Modification by user
Save database : Modification by user
Save repository element : JOURNA_CONNECTION : Modification by user
Save database : Modification by user
Save repository element : JOURNA_CONNECTION : Modification by user
Save database : Modification by user
Save repository element : JOURNA_CONNECTION : Modification by user
Save database : Modification by user
Save repository element : JOURNA_CONNECTION : Modification by user
Save database : Modification by user
Save repository element : JOURNA_CONNECTION : Modification by user
Save database : Modification by user
Save repository element : JOURNA_CONNECTION : Modification by user
Save database : Modification by user
Save repository element : JOURNA_CONNECTION : Modification by user
Save database : Modification by user
Save repository element : JOURNA_CONNECTION : Modification by user
Save database : Modification by user
Save repository element : JOURNA_CONNECTION : Modification by user
Save database : Modification by user
Save repository element : JOURNA_CONNECTION : Modification by user
Save database : Modification by user
Save repository element : JOURNA_CONNECTION : Modification by user
